PS C:\xampp\htdocs\Basic-Bootstrap-Php-Ecommerce> ^C
PS C:\xampp\htdocs\Basic-Bootstrap-Php-Ecommerce> 
PS C:\xampp\htdocs\Basic-Bootstrap-Php-Ecommerce>  c:; cd 'c:\xampp\htdocs\Basic-Bootstrap-Php-Ecommerce'; & 'c:\Users\rodri\AppData\Local\Microsoft\WindowsApps\python3.11.exe' 'c:\Users\rodri\.vscode\extensions\ms-python.debugpy-2025.4.1-win32-x64\bundled\libs\debugpy\launcher' '53160' '--' 'C:\xampp\htdocs\Basic-Bootstrap-Php-Ecommerce\test_1LOGIN.py'
Intento #1
Intento #2
Intento #3
Intento #4
Intento #5
Intento #6
Intento #7
Intento #8
Intento #9
Intento #10
Intento #11
Intento #12
Intento #13
Intento #14
Intento #15
Intento #16
Intento #17
Intento #18
Intento #19
Intento #20
Intento #21
Intento #22
Intento #23
Intento #24
Intento #25
Intento #26
Intento #27
Intento #28
Intento #29
Intento #30
Intento #31
Intento #32
Intento #33
Intento #34
Intento #35
Intento #36
Intento #37
Intento #38
Intento #39
Intento #40
Intento #41
Intento #42
Intento #43
Intento #44
Intento #45
Intento #46
Intento #47
Intento #48
Intento #49
Intento #50
Intento #51
Intento #52
Intento #53
Intento #54
Intento #55
Intento #56
Intento #57
Intento #58
Intento #59
Intento #60
Intento #61
Intento #62
Intento #63
Intento #64
Intento #65
Intento #66
Intento #67
Intento #68
Intento #69
Intento #70
Intento #71
Intento #72
Intento #73
Intento #74
Intento #75
Intento #76
Intento #77
Intento #78
Intento #79
Intento #80
Intento #81
Intento #82
Intento #83
Intento #84
Intento #85
Intento #86
Intento #87
Intento #88
Intento #89
Intento #90
Intento #91
Intento #92
Intento #93
Intento #94
Intento #95
Intento #96
Intento #97
Intento #98
Intento #99
Intento #100
PS C:\xampp\htdocs\Basic-Bootstrap-Php-Ecommerce>
